<?xml version="1.0" encoding="UTF-8"?>
<testsuite xmlns:xsi="http://www.w3.org/2001/XMLSchema-instance" xsi:noNamespaceSchemaLocation="https://maven.apache.org/surefire/maven-surefire-plugin/xsd/surefire-test-report.xsd" name="HSL.test.unit.controller.rest.TestExampleEntityRestControllerPagination" time="0.1" tests="2" errors="0" skipped="0" failures="0">
  <properties>
[...]
</properties>
  <testcase name="testGet_WithoutPagination_DefaultValues" classname="HSL.test.unit.controller.rest.TestExampleEntityRestControllerPagination" time="0.02"/>
  <testcase name="testGet_Page_SetInPagination" classname="HSL.test.unit.controller.rest.TestExampleEntityRestControllerPagination" time="0.06"/>
</testsuite>